#
# A fatal error has been detected by the Java Runtime Environment:
#
#  EXCEPTION_ACCESS_VIOLATION (0xc0000005) at pc=0x00007ffcdb640b0e, pid=22368, tid=10076
#
# JRE version: Java(TM) SE Runtime Environment (19.0.1+10) (build 19.0.1+10-21)
# Java VM: Java HotSpot(TM) 64-Bit Server VM (19.0.1+10-21, mixed mode, sharing, tiered, compressed oops, compressed class ptrs, g1 gc, windows-amd64)
# Problematic frame:
# C  [nvoglv64.dll+0x1850b0e]
#
# No core dump will be written. Minidumps are not enabled by default on client versions of Windows
#
# If you would like to submit a bug report, please visit:
#   https://bugreport.java.com/bugreport/crash.jsp
# The crash happened outside the Java Virtual Machine in native code.
# See problematic frame for where to report the bug.
#

---------------  S U M M A R Y ------------

Command Line: -Dfile.encoding=UTF-8 -XX:+ShowCodeDetailsInExceptionMessages Main

Host: Intel(R) Core(TM) i7-9700K CPU @ 3.60GHz, 8 cores, 31G,  Windows 10 , 64 bit Build 19041 (10.0.19041.2546)
Time: Sat Mar 25 20:36:14 2023  Windows 10 , 64 bit Build 19041 (10.0.19041.2546) elapsed time: 0.563568 seconds (0d 0h 0m 0s)

---------------  T H R E A D  ---------------

Current thread (0x00000133e4e2c860):  JavaThread "main" [_thread_in_native, id=10076, stack(0x0000000ae5300000,0x0000000ae5400000)]

Stack: [0x0000000ae5300000,0x0000000ae5400000],  sp=0x0000000ae53ff318,  free space=1020k
Native frames: (J=compiled Java code, j=interpreted, Vv=VM code, C=native code)
C  [nvoglv64.dll+0x1850b0e]

Java frames: (J=compiled Java code, j=interpreted, Vv=VM code)
j  org.lwjgl.opengl.GL11C.nglTexImage2D(IIIIIIIIJ)V+0
j  org.lwjgl.opengl.GL11C.glTexImage2D(IIIIIIIILjava/nio/ByteBuffer;)V+17
j  org.lwjgl.opengl.GL11.glTexImage2D(IIIIIIIILjava/nio/ByteBuffer;)V+14
j  renderEngine.Loader.loadTexture(Ljava/lang/String;)I+140
j  Main.loop()V+893
j  Main.run()V+34
j  Main.main([Ljava/lang/String;)V+7
v  ~StubRoutines::call_stub 0x00000133f42d100e

siginfo: EXCEPTION_ACCESS_VIOLATION (0xc0000005), reading address 0x000001339d2a0000


Registers:
RAX=0x0000013396b32c10, RBX=0x0000013396b32c10, RCX=0x00000000000029c4, RDX=0x000000000673e6b0
RSP=0x0000000ae53ff318, RBP=0x00000000000000e1, RSI=0x000001339d2a0000, RDI=0x0000013396b61950
R8 =0x0000000000031704, R9 =0x0000000000000008, R10=0x000001339d2712c0, R11=0x0000013396b32c10
R12=0x0000000000000de1, R13=0x0000000000001401, R14=0x0000000000001908, R15=0x00000000000000e1
RIP=0x00007ffcdb640b0e, EFLAGS=0x0000000000010202


Register to memory mapping:

RIP=0x00007ffcdb640b0e nvoglv64.dll
RAX=0x0000013396b32c10 points into unknown readable memory: 0x2b2b191919000000 | 00 00 00 19 19 19 2b 2b
RBX=0x0000013396b32c10 points into unknown readable memory: 0x2b2b191919000000 | 00 00 00 19 19 19 2b 2b
RCX=0x00000000000029c4 is an unknown value
RDX=0x000000000673e6b0 is an unknown value
RSP=0x0000000ae53ff318 is pointing into the stack for thread: 0x00000133e4e2c860
RBP=0x00000000000000e1 is an unknown value
RSI=0x000001339d2a0000 is an unknown value
RDI=0x0000013396b61950 points into unknown readable memory: 0x0000000000000000 | 00 00 00 00 00 00 00 00
R8 =0x0000000000031704 is an unknown value
R9 =0x0000000000000008 is an unknown value
R10=0x000001339d2712c0 points into unknown readable memory: 0x2b2b191919000000 | 00 00 00 19 19 19 2b 2b
R11=0x0000013396b32c10 points into unknown readable memory: 0x2b2b191919000000 | 00 00 00 19 19 19 2b 2b
R12=0x0000000000000de1 is an unknown value
R13=0x0000000000001401 is an unknown value
R14=0x0000000000001908 is an unknown value
R15=0x00000000000000e1 is an unknown value


Top of Stack: (sp=0x0000000ae53ff318)
0x0000000ae53ff318:   0000000000031704 0000013397730080
0x0000000ae53ff328:   00007ffcdac64087 0000000000001908
0x0000000ae53ff338:   00000000000000e1 0000013397730080
0x0000000ae53ff348:   0000000000000000 0000000000001908
0x0000000ae53ff358:   0000000000001401 000001339d2712c0
0x0000000ae53ff368:   00000133965ab500 00000133e4e2c860
0x0000000ae53ff378:   0000000ae53ff588 0000013392604430
0x0000000ae53ff388:   0000000000000000 0000000000001908
0x0000000ae53ff398:   00007ffcfb33605a 00000000000000e1
0x0000000ae53ff3a8:   0000006000000000 0000000000000de1
0x0000000ae53ff3b8:   0000000000000000 00000000000000e1
0x0000000ae53ff3c8:   0000000000000000 0000013300001908
0x0000000ae53ff3d8:   0000013300001401 000001339d2712c0
0x0000000ae53ff3e8:   00007ffce9c2d215 0000000000000110
0x0000000ae53ff3f8:   00007ffcfd52cb35 0000000000000de1
0x0000000ae53ff408:   0000000ae53ff520 000001339d2712c0 

Instructions: (pc=0x00007ffcdb640b0e)
0x00007ffcdb640a0e:   cc cc cc cc cc cc cc cc 66 66 0f 1f 84 00 00 00
0x00007ffcdb640a1e:   00 00 48 2b d1 49 83 f8 08 72 22 f6 c1 07 74 14
0x00007ffcdb640a2e:   66 90 8a 01 3a 04 11 75 2c 48 ff c1 49 ff c8 f6
0x00007ffcdb640a3e:   c1 07 75 ee 4d 8b c8 49 c1 e9 03 75 1f 4d 85 c0
0x00007ffcdb640a4e:   74 0f 8a 01 3a 04 11 75 0c 48 ff c1 49 ff c8 75
0x00007ffcdb640a5e:   f1 48 33 c0 c3 1b c0 83 d8 ff c3 90 49 c1 e9 02
0x00007ffcdb640a6e:   74 37 48 8b 01 48 3b 04 11 75 5b 48 8b 41 08 48
0x00007ffcdb640a7e:   3b 44 11 08 75 4c 48 8b 41 10 48 3b 44 11 10 75
0x00007ffcdb640a8e:   3d 48 8b 41 18 48 3b 44 11 18 75 2e 48 83 c1 20
0x00007ffcdb640a9e:   49 ff c9 75 cd 49 83 e0 1f 4d 8b c8 49 c1 e9 03
0x00007ffcdb640aae:   74 9b 48 8b 01 48 3b 04 11 75 1b 48 83 c1 08 49
0x00007ffcdb640abe:   ff c9 75 ee 49 83 e0 07 eb 83 48 83 c1 08 48 83
0x00007ffcdb640ace:   c1 08 48 83 c1 08 48 8b 0c 0a 48 0f c8 48 0f c9
0x00007ffcdb640ade:   48 3b c1 1b c0 83 d8 ff c3 cc cc cc cc cc cc cc
0x00007ffcdb640aee:   cc cc cc cc cc cc cc cc 66 66 0f 1f 84 00 00 00
0x00007ffcdb640afe:   00 00 57 56 49 8b c3 48 8b f9 49 8b c8 49 8b f2
0x00007ffcdb640b0e:   f3 a4 5e 5f c3 cc cc cc cc cc cc 0f 1f 80 00 00
0x00007ffcdb640b1e:   00 00 4c 8b d9 4c 8b d2 49 83 f8 10 76 54 49 83
0x00007ffcdb640b2e:   f8 20 76 2e 48 2b d1 73 0d 4b 8d 04 10 48 3b c8
0x00007ffcdb640b3e:   0f 82 dc 02 00 00 49 81 f8 80 00 00 00 0f 86 0f
0x00007ffcdb640b4e:   02 00 00 f6 05 88 1e ef 01 02 0f 84 52 01 00 00
0x00007ffcdb640b5e:   eb a0 0f 10 02 42 0f 10 4c 02 f0 0f 11 01 42 0f
0x00007ffcdb640b6e:   11 4c 01 f0 48 8b c1 c3 66 66 0f 1f 84 00 00 00
0x00007ffcdb640b7e:   00 00 48 8b c1 4c 8d 0d 76 f4 7a fe 43 8b 8c 81
0x00007ffcdb640b8e:   10 ea 8c 03 49 03 c9 ff e1 66 0f 1f 84 00 00 00
0x00007ffcdb640b9e:   00 00 c3 0f b7 0a 66 89 08 c3 48 8b 0a 48 89 08
0x00007ffcdb640bae:   c3 0f b7 0a 44 0f b6 42 02 66 89 08 44 88 40 02
0x00007ffcdb640bbe:   c3 0f b6 0a 88 08 c3 f3 0f 6f 02 f3 0f 7f 00 c3
0x00007ffcdb640bce:   66 90 4c 8b 02 0f b7 4a 08 44 0f b6 4a 0a 4c 89
0x00007ffcdb640bde:   00 66 89 48 08 44 88 48 0a c3 8b 0a 89 08 c3 0f
0x00007ffcdb640bee:   1f 00 8b 0a 44 0f b6 42 04 89 08 44 88 40 04 c3
0x00007ffcdb640bfe:   66 90 8b 0a 44 0f b7 42 04 89 08 66 44 89 40 04 


Stack slot to memory mapping:
stack at sp + 0 slots: 0x0000000000031704 is an unknown value
stack at sp + 1 slots: 0x0000013397730080 points into unknown readable memory: 0x0000000000000000 | 00 00 00 00 00 00 00 00
stack at sp + 2 slots: 0x00007ffcdac64087 nvoglv64.dll
stack at sp + 3 slots: 0x0000000000001908 is an unknown value
stack at sp + 4 slots: 0x00000000000000e1 is an unknown value
stack at sp + 5 slots: 0x0000013397730080 points into unknown readable memory: 0x0000000000000000 | 00 00 00 00 00 00 00 00
stack at sp + 6 slots: 0x0 is NULL
stack at sp + 7 slots: 0x0000000000001908 is an unknown value


---------------  P R O C E S S  ---------------

Threads class SMR info:
_java_thread_list=0x000001339c935080, length=14, elements={
0x00000133e4e2c860, 0x00000133ff3cdc80, 0x00000133ff3d0d40, 0x00000133ff3d52e0,
0x00000133ff3d5c10, 0x00000133ff3de690, 0x0000013396003ad0, 0x0000013396007890,
0x000001339600f640, 0x0000013396020770, 0x000001339614f440, 0x0000013396154200,
0x000001339c89c230, 0x000001339c9fd9e0
}

Java Threads: ( => current thread )
=>0x00000133e4e2c860 JavaThread "main" [_thread_in_native, id=10076, stack(0x0000000ae5300000,0x0000000ae5400000)]
  0x00000133ff3cdc80 JavaThread "Reference Handler" daemon [_thread_blocked, id=22212, stack(0x0000000ae5a00000,0x0000000ae5b00000)]
  0x00000133ff3d0d40 JavaThread "Finalizer" daemon [_thread_blocked, id=20408, stack(0x0000000ae5b00000,0x0000000ae5c00000)]
  0x00000133ff3d52e0 JavaThread "Signal Dispatcher" daemon [_thread_blocked, id=20884, stack(0x0000000ae5c00000,0x0000000ae5d00000)]
  0x00000133ff3d5c10 JavaThread "Attach Listener" daemon [_thread_blocked, id=20208, stack(0x0000000ae5d00000,0x0000000ae5e00000)]
  0x00000133ff3de690 JavaThread "Service Thread" daemon [_thread_blocked, id=18280, stack(0x0000000ae5e00000,0x0000000ae5f00000)]
  0x0000013396003ad0 JavaThread "Monitor Deflation Thread" daemon [_thread_blocked, id=19648, stack(0x0000000ae5f00000,0x0000000ae6000000)]
  0x0000013396007890 JavaThread "C2 CompilerThread0" daemon [_thread_blocked, id=21916, stack(0x0000000ae6000000,0x0000000ae6100000)]
  0x000001339600f640 JavaThread "C1 CompilerThread0" daemon [_thread_blocked, id=7884, stack(0x0000000ae6100000,0x0000000ae6200000)]
  0x0000013396020770 JavaThread "Sweeper thread" daemon [_thread_blocked, id=20300, stack(0x0000000ae6200000,0x0000000ae6300000)]
  0x000001339614f440 JavaThread "Notification Thread" daemon [_thread_blocked, id=11520, stack(0x0000000ae6300000,0x0000000ae6400000)]
  0x0000013396154200 JavaThread "Common-Cleaner" daemon [_thread_blocked, id=7980, stack(0x0000000ae6500000,0x0000000ae6600000)]
  0x000001339c89c230 JavaThread "C2 CompilerThread1" daemon [_thread_blocked, id=15372, stack(0x0000000ae6c00000,0x0000000ae6d00000)]
  0x000001339c9fd9e0 JavaThread "C2 CompilerThread2" daemon [_thread_blocked, id=13560, stack(0x0000000ae6d00000,0x0000000ae6e00000)]

Other Threads:
  0x00000133ff3ae440 VMThread "VM Thread" [stack: 0x0000000ae5900000,0x0000000ae5a00000] [id=17460]
  0x0000013396153da0 WatcherThread "VM Periodic Task Thread" [stack: 0x0000000ae6400000,0x0000000ae6500000] [id=8720]
  0x00000133e4ee0320 WorkerThread "GC Thread#0" [stack: 0x0000000ae5400000,0x0000000ae5500000] [id=19008]
  0x00000133ff3ae170 WorkerThread "GC Thread#1" [stack: 0x0000000ae6e00000,0x0000000ae6f00000] [id=13740]
  0x00000133ff3adea0 WorkerThread "GC Thread#2" [stack: 0x0000000ae6f00000,0x0000000ae7000000] [id=7112]
  0x00000133ff3ad900 WorkerThread "GC Thread#3" [stack: 0x0000000ae7000000,0x0000000ae7100000] [id=15984]
  0x000001339ca312a0 WorkerThread "GC Thread#4" [stack: 0x0000000ae7100000,0x0000000ae7200000] [id=2612]
  0x000001339ca2eb40 WorkerThread "GC Thread#5" [stack: 0x0000000ae7200000,0x0000000ae7300000] [id=7704]
  0x000001339ca2fef0 WorkerThread "GC Thread#6" [stack: 0x0000000ae7300000,0x0000000ae7400000] [id=22124]
  0x000001339ca2f0e0 WorkerThread "GC Thread#7" [stack: 0x0000000ae7400000,0x0000000ae7500000] [id=8352]
  0x00000133e4ef1b10 ConcurrentGCThread "G1 Main Marker" [stack: 0x0000000ae5500000,0x0000000ae5600000] [id=20652]
  0x00000133e4ef7700 WorkerThread "G1 Conc#0" [stack: 0x0000000ae5600000,0x0000000ae5700000] [id=11800]
  0x00000133ff26b770 ConcurrentGCThread "G1 Refine#0" [stack: 0x0000000ae5700000,0x0000000ae5800000] [id=16788]
  0x00000133ff26c2b0 ConcurrentGCThread "G1 Service" [stack: 0x0000000ae5800000,0x0000000ae5900000] [id=19724]

Threads with active compile tasks:

VM state: not at safepoint (normal execution)

VM Mutex/Monitor currently owned by a thread: None

Heap address: 0x0000000601400000, size: 8172 MB, Compressed Oops mode: Zero based, Oop shift amount: 3

CDS archive(s) mapped at: [0x0000000800000000-0x0000000800c40000-0x0000000800c40000), size 12845056, SharedBaseAddress: 0x0000000800000000, ArchiveRelocationMode: 0.
Compressed class space mapped at: 0x0000000801000000-0x0000000841000000, reserved size: 1073741824
Narrow klass base: 0x0000000800000000, Narrow klass shift: 0, Narrow klass range: 0x100000000

GC Precious Log:
 CardTable entry size: 512
 Card Set container configuration: InlinePtr #cards 4 size 8 Array Of Cards #cards 32 size 80 Howl #buckets 8 coarsen threshold 7372 Howl Bitmap #cards 1024 size 144 coarsen threshold 921 Card regions per heap region 1 cards per card region 8192
 CPUs: 8 total, 8 available
 Memory: 32678M
 Large Page Support: Disabled
 NUMA Support: Disabled
 Compressed Oops: Enabled (Zero based)
 Heap Region Size: 4M
 Heap Min Capacity: 8M
 Heap Initial Capacity: 512M
 Heap Max Capacity: 8172M
 Pre-touch: Disabled
 Parallel Workers: 8
 Concurrent Workers: 2
 Concurrent Refinement Workers: 8
 Periodic GC: Disabled

Heap:
 garbage-first heap   total 524288K, used 135818K [0x0000000601400000, 0x0000000800000000)
  region size 4096K, 36 young (147456K), 2 survivors (8192K)
 Metaspace       used 3992K, committed 4160K, reserved 1114112K
  class space    used 200K, committed 256K, reserved 1048576K

Heap Regions: E=young(eden), S=young(survivor), O=old, HS=humongous(starts), HC=humongous(continues), CS=collection set, F=free, OA=open archive, CA=closed archive, TAMS=top-at-mark-start (previous, next)
|   0|0x0000000601400000, 0x0000000601400000, 0x0000000601800000|  0%| F|  |TAMS 0x0000000601400000, 0x0000000601400000| Untracked 
|   1|0x0000000601800000, 0x0000000601800000, 0x0000000601c00000|  0%| F|  |TAMS 0x0000000601800000, 0x0000000601800000| Untracked 
|   2|0x0000000601c00000, 0x0000000601c00000, 0x0000000602000000|  0%| F|  |TAMS 0x0000000601c00000, 0x0000000601c00000| Untracked 
|   3|0x0000000602000000, 0x0000000602000000, 0x0000000602400000|  0%| F|  |TAMS 0x0000000602000000, 0x0000000602000000| Untracked 
|   4|0x0000000602400000, 0x0000000602400000, 0x0000000602800000|  0%| F|  |TAMS 0x0000000602400000, 0x0000000602400000| Untracked 
|   5|0x0000000602800000, 0x0000000602800000, 0x0000000602c00000|  0%| F|  |TAMS 0x0000000602800000, 0x0000000602800000| Untracked 
|   6|0x0000000602c00000, 0x0000000602c00000, 0x0000000603000000|  0%| F|  |TAMS 0x0000000602c00000, 0x0000000602c00000| Untracked 
|   7|0x0000000603000000, 0x0000000603000000, 0x0000000603400000|  0%| F|  |TAMS 0x0000000603000000, 0x0000000603000000| Untracked 
|   8|0x0000000603400000, 0x0000000603400000, 0x0000000603800000|  0%| F|  |TAMS 0x0000000603400000, 0x0000000603400000| Untracked 
|   9|0x0000000603800000, 0x0000000603800000, 0x0000000603c00000|  0%| F|  |TAMS 0x0000000603800000, 0x0000000603800000| Untracked 
|  10|0x0000000603c00000, 0x0000000603c00000, 0x0000000604000000|  0%| F|  |TAMS 0x0000000603c00000, 0x0000000603c00000| Untracked 
|  11|0x0000000604000000, 0x0000000604000000, 0x0000000604400000|  0%| F|  |TAMS 0x0000000604000000, 0x0000000604000000| Untracked 
|  12|0x0000000604400000, 0x0000000604400000, 0x0000000604800000|  0%| F|  |TAMS 0x0000000604400000, 0x0000000604400000| Untracked 
|  13|0x0000000604800000, 0x0000000604800000, 0x0000000604c00000|  0%| F|  |TAMS 0x0000000604800000, 0x0000000604800000| Untracked 
|  14|0x0000000604c00000, 0x0000000604c00000, 0x0000000605000000|  0%| F|  |TAMS 0x0000000604c00000, 0x0000000604c00000| Untracked 
|  15|0x0000000605000000, 0x0000000605000000, 0x0000000605400000|  0%| F|  |TAMS 0x0000000605000000, 0x0000000605000000| Untracked 
|  16|0x0000000605400000, 0x0000000605400000, 0x0000000605800000|  0%| F|  |TAMS 0x0000000605400000, 0x0000000605400000| Untracked 
|  17|0x0000000605800000, 0x0000000605800000, 0x0000000605c00000|  0%| F|  |TAMS 0x0000000605800000, 0x0000000605800000| Untracked 
|  18|0x0000000605c00000, 0x0000000605c00000, 0x0000000606000000|  0%| F|  |TAMS 0x0000000605c00000, 0x0000000605c00000| Untracked 
|  19|0x0000000606000000, 0x0000000606000000, 0x0000000606400000|  0%| F|  |TAMS 0x0000000606000000, 0x0000000606000000| Untracked 
|  20|0x0000000606400000, 0x0000000606400000, 0x0000000606800000|  0%| F|  |TAMS 0x0000000606400000, 0x0000000606400000| Untracked 
|  21|0x0000000606800000, 0x0000000606800000, 0x0000000606c00000|  0%| F|  |TAMS 0x0000000606800000, 0x0000000606800000| Untracked 
|  22|0x0000000606c00000, 0x0000000606c00000, 0x0000000607000000|  0%| F|  |TAMS 0x0000000606c00000, 0x0000000606c00000| Untracked 
|  23|0x0000000607000000, 0x0000000607000000, 0x0000000607400000|  0%| F|  |TAMS 0x0000000607000000, 0x0000000607000000| Untracked 
|  24|0x0000000607400000, 0x0000000607400000, 0x0000000607800000|  0%| F|  |TAMS 0x0000000607400000, 0x0000000607400000| Untracked 
|  25|0x0000000607800000, 0x0000000607800000, 0x0000000607c00000|  0%| F|  |TAMS 0x0000000607800000, 0x0000000607800000| Untracked 
|  26|0x0000000607c00000, 0x0000000607c00000, 0x0000000608000000|  0%| F|  |TAMS 0x0000000607c00000, 0x0000000607c00000| Untracked 
|  27|0x0000000608000000, 0x0000000608000000, 0x0000000608400000|  0%| F|  |TAMS 0x0000000608000000, 0x0000000608000000| Untracked 
|  28|0x0000000608400000, 0x0000000608400000, 0x0000000608800000|  0%| F|  |TAMS 0x0000000608400000, 0x0000000608400000| Untracked 
|  29|0x0000000608800000, 0x0000000608800000, 0x0000000608c00000|  0%| F|  |TAMS 0x0000000608800000, 0x0000000608800000| Untracked 
|  30|0x0000000608c00000, 0x0000000608c00000, 0x0000000609000000|  0%| F|  |TAMS 0x0000000608c00000, 0x0000000608c00000| Untracked 
|  31|0x0000000609000000, 0x0000000609000000, 0x0000000609400000|  0%| F|  |TAMS 0x0000000609000000, 0x0000000609000000| Untracked 
|  32|0x0000000609400000, 0x0000000609400000, 0x0000000609800000|  0%| F|  |TAMS 0x0000000609400000, 0x0000000609400000| Untracked 
|  33|0x0000000609800000, 0x0000000609800000, 0x0000000609c00000|  0%| F|  |TAMS 0x0000000609800000, 0x0000000609800000| Untracked 
|  34|0x0000000609c00000, 0x0000000609c00000, 0x000000060a000000|  0%| F|  |TAMS 0x0000000609c00000, 0x0000000609c00000| Untracked 
|  35|0x000000060a000000, 0x000000060a000000, 0x000000060a400000|  0%| F|  |TAMS 0x000000060a000000, 0x000000060a000000| Untracked 
|  36|0x000000060a400000, 0x000000060a400000, 0x000000060a800000|  0%| F|  |TAMS 0x000000060a400000, 0x000000060a400000| Untracked 
|  37|0x000000060a800000, 0x000000060a800000, 0x000000060ac00000|  0%| F|  |TAMS 0x000000060a800000, 0x000000060a800000| Untracked 
|  38|0x000000060ac00000, 0x000000060ac00000, 0x000000060b000000|  0%| F|  |TAMS 0x000000060ac00000, 0x000000060ac00000| Untracked 
|  39|0x000000060b000000, 0x000000060b000000, 0x000000060b400000|  0%| F|  |TAMS 0x000000060b000000, 0x000000060b000000| Untracked 
|  40|0x000000060b400000, 0x000000060b400000, 0x000000060b800000|  0%| F|  |TAMS 0x000000060b400000, 0x000000060b400000| Untracked 
|  41|0x000000060b800000, 0x000000060b800000, 0x000000060bc00000|  0%| F|  |TAMS 0x000000060b800000, 0x000000060b800000| Untracked 
|  42|0x000000060bc00000, 0x000000060bc00000, 0x000000060c000000|  0%| F|  |TAMS 0x000000060bc00000, 0x000000060bc00000| Untracked 
|  43|0x000000060c000000, 0x000000060c000000, 0x000000060c400000|  0%| F|  |TAMS 0x000000060c000000, 0x000000060c000000| Untracked 
|  44|0x000000060c400000, 0x000000060c400000, 0x000000060c800000|  0%| F|  |TAMS 0x000000060c400000, 0x000000060c400000| Untracked 
|  45|0x000000060c800000, 0x000000060c800000, 0x000000060cc00000|  0%| F|  |TAMS 0x000000060c800000, 0x000000060c800000| Untracked 
|  46|0x000000060cc00000, 0x000000060cc00000, 0x000000060d000000|  0%| F|  |TAMS 0x000000060cc00000, 0x000000060cc00000| Untracked 
|  47|0x000000060d000000, 0x000000060d000000, 0x000000060d400000|  0%| F|  |TAMS 0x000000060d000000, 0x000000060d000000| Untracked 
|  48|0x000000060d400000, 0x000000060d400000, 0x000000060d800000|  0%| F|  |TAMS 0x000000060d400000, 0x000000060d400000| Untracked 
|  49|0x000000060d800000, 0x000000060d800000, 0x000000060dc00000|  0%| F|  |TAMS 0x000000060d800000, 0x000000060d800000| Untracked 
|  50|0x000000060dc00000, 0x000000060dc00000, 0x000000060e000000|  0%| F|  |TAMS 0x000000060dc00000, 0x000000060dc00000| Untracked 
|  51|0x000000060e000000, 0x000000060e000000, 0x000000060e400000|  0%| F|  |TAMS 0x000000060e000000, 0x000000060e000000| Untracked 
|  52|0x000000060e400000, 0x000000060e400000, 0x000000060e800000|  0%| F|  |TAMS 0x000000060e400000, 0x000000060e400000| Untracked 
|  53|0x000000060e800000, 0x000000060e800000, 0x000000060ec00000|  0%| F|  |TAMS 0x000000060e800000, 0x000000060e800000| Untracked 
|  54|0x000000060ec00000, 0x000000060ec00000, 0x000000060f000000|  0%| F|  |TAMS 0x000000060ec00000, 0x000000060ec00000| Untracked 
|  55|0x000000060f000000, 0x000000060f000000, 0x000000060f400000|  0%| F|  |TAMS 0x000000060f000000, 0x000000060f000000| Untracked 
|  56|0x000000060f400000, 0x000000060f400000, 0x000000060f800000|  0%| F|  |TAMS 0x000000060f400000, 0x000000060f400000| Untracked 
|  57|0x000000060f800000, 0x000000060f800000, 0x000000060fc00000|  0%| F|  |TAMS 0x000000060f800000, 0x000000060f800000| Untracked 
|  58|0x000000060fc00000, 0x000000060fc00000, 0x0000000610000000|  0%| F|  |TAMS 0x000000060fc00000, 0x000000060fc00000| Untracked 
|  59|0x0000000610000000, 0x0000000610000000, 0x0000000610400000|  0%| F|  |TAMS 0x0000000610000000, 0x0000000610000000| Untracked 
|  60|0x0000000610400000, 0x0000000610400000, 0x0000000610800000|  0%| F|  |TAMS 0x0000000610400000, 0x0000000610400000| Untracked 
|  61|0x0000000610800000, 0x0000000610800000, 0x0000000610c00000|  0%| F|  |TAMS 0x0000000610800000, 0x0000000610800000| Untracked 
|  62|0x0000000610c00000, 0x0000000610c00000, 0x0000000611000000|  0%| F|  |TAMS 0x0000000610c00000, 0x0000000610c00000| Untracked 
|  63|0x0000000611000000, 0x0000000611000000, 0x0000000611400000|  0%| F|  |TAMS 0x0000000611000000, 0x0000000611000000| Untracked 
|  64|0x0000000611400000, 0x0000000611400000, 0x0000000611800000|  0%| F|  |TAMS 0x0000000611400000, 0x0000000611400000| Untracked 
|  65|0x0000000611800000, 0x0000000611800000, 0x0000000611c00000|  0%| F|  |TAMS 0x0000000611800000, 0x0000000611800000| Untracked 
|  66|0x0000000611c00000, 0x0000000611c00000, 0x0000000612000000|  0%| F|  |TAMS 0x0000000611c00000, 0x0000000611c00000| Untracked 
|  67|0x0000000612000000, 0x0000000612000000, 0x0000000612400000|  0%| F|  |TAMS 0x0000000612000000, 0x0000000612000000| Untracked 
|  68|0x0000000612400000, 0x0000000612400000, 0x0000000612800000|  0%| F|  |TAMS 0x0000000612400000, 0x0000000612400000| Untracked 
|  69|0x0000000612800000, 0x0000000612800000, 0x0000000612c00000|  0%| F|  |TAMS 0x0000000612800000, 0x0000000612800000| Untracked 
|  70|0x0000000612c00000, 0x0000000612c00000, 0x0000000613000000|  0%| F|  |TAMS 0x0000000612c00000, 0x0000000612c00000| Untracked 
|  71|0x0000000613000000, 0x0000000613000000, 0x0000000613400000|  0%| F|  |TAMS 0x0000000613000000, 0x0000000613000000| Untracked 
|  72|0x0000000613400000, 0x0000000613400000, 0x0000000613800000|  0%| F|  |TAMS 0x0000000613400000, 0x0000000613400000| Untracked 
|  73|0x0000000613800000, 0x0000000613800000, 0x0000000613c00000|  0%| F|  |TAMS 0x0000000613800000, 0x0000000613800000| Untracked 
|  74|0x0000000613c00000, 0x0000000613c00000, 0x0000000614000000|  0%| F|  |TAMS 0x0000000613c00000, 0x0000000613c00000| Untracked 
|  75|0x0000000614000000, 0x0000000614000000, 0x0000000614400000|  0%| F|  |TAMS 0x0000000614000000, 0x0000000614000000| Untracked 
|  76|0x0000000614400000, 0x0000000614400000, 0x0000000614800000|  0%| F|  |TAMS 0x0000000614400000, 0x0000000614400000| Untracked 
|  77|0x0000000614800000, 0x0000000614800000, 0x0000000614c00000|  0%| F|  |TAMS 0x0000000614800000, 0x0000000614800000| Untracked 
|  78|0x0000000614c00000, 0x0000000614c00000, 0x0000000615000000|  0%| F|  |TAMS 0x0000000614c00000, 0x0000000614c00000| Untracked 
|  79|0x0000000615000000, 0x0000000615000000, 0x0000000615400000|  0%| F|  |TAMS 0x0000000615000000, 0x0000000615000000| Untracked 
|  80|0x0000000615400000, 0x0000000615400000, 0x0000000615800000|  0%| F|  |TAMS 0x0000000615400000, 0x0000000615400000| Untracked 
|  81|0x0000000615800000, 0x0000000615800000, 0x0000000615c00000|  0%| F|  |TAMS 0x0000000615800000, 0x0000000615800000| Untracked 
|  82|0x0000000615c00000, 0x0000000615c00000, 0x0000000616000000|  0%| F|  |TAMS 0x0000000615c00000, 0x0000000615c00000| Untracked 
|  83|0x0000000616000000, 0x0000000616000000, 0x0000000616400000|  0%| F|  |TAMS 0x0000000616000000, 0x0000000616000000| Untracked 
|  84|0x0000000616400000, 0x0000000616400000, 0x0000000616800000|  0%| F|  |TAMS 0x0000000616400000, 0x0000000616400000| Untracked 
|  85|0x0000000616800000, 0x0000000616800000, 0x0000000616c00000|  0%| F|  |TAMS 0x0000000616800000, 0x0000000616800000| Untracked 
|  86|0x0000000616c00000, 0x0000000616c00000, 0x0000000617000000|  0%| F|  |TAMS 0x0000000616c00000, 0x0000000616c00000| Untracked 
|  87|0x0000000617000000, 0x0000000617000000, 0x0000000617400000|  0%| F|  |TAMS 0x0000000617000000, 0x0000000617000000| Untracked 
|  88|0x0000000617400000, 0x0000000617400000, 0x0000000617800000|  0%| F|  |TAMS 0x0000000617400000, 0x0000000617400000| Untracked 
|  89|0x0000000617800000, 0x0000000617800000, 0x0000000617c00000|  0%| F|  |TAMS 0x0000000617800000, 0x0000000617800000| Untracked 
|  90|0x0000000617c00000, 0x0000000617c00000, 0x0000000618000000|  0%| F|  |TAMS 0x0000000617c00000, 0x0000000617c00000| Untracked 
|  91|0x0000000618000000, 0x0000000618000000, 0x0000000618400000|  0%| F|  |TAMS 0x0000000618000000, 0x0000000618000000| Untracked 
|  92|0x0000000618400000, 0x000000061848c8a0, 0x0000000618800000| 13%| E|  |TAMS 0x0000000618400000, 0x0000000618400000| Complete 
|  93|0x0000000618800000, 0x0000000618c00000, 0x0000000618c00000|100%| E|CS|TAMS 0x0000000618800000, 0x0000000618800000| Complete 
|  94|0x0000000618c00000, 0x0000000619000000, 0x0000000619000000|100%| E|CS|TAMS 0x0000000618c00000, 0x0000000618c00000| Complete 
|  95|0x0000000619000000, 0x0000000619400000, 0x0000000619400000|100%| E|CS|TAMS 0x0000000619000000, 0x0000000619000000| Complete 
|  96|0x0000000619400000, 0x0000000619800000, 0x0000000619800000|100%| E|CS|TAMS 0x0000000619400000, 0x0000000619400000| Complete 
|  97|0x0000000619800000, 0x0000000619c00000, 0x0000000619c00000|100%| E|CS|TAMS 0x0000000619800000, 0x0000000619800000| Complete 
|  98|0x0000000619c00000, 0x000000061a000000, 0x000000061a000000|100%| E|CS|TAMS 0x0000000619c00000, 0x0000000619c00000| Complete 
|  99|0x000000061a000000, 0x000000061a400000, 0x000000061a400000|100%| E|  |TAMS 0x000000061a000000, 0x000000061a000000| Complete 
| 100|0x000000061a400000, 0x000000061a800000, 0x000000061a800000|100%| E|CS|TAMS 0x000000061a400000, 0x000000061a400000| Complete 
| 101|0x000000061a800000, 0x000000061ac00000, 0x000000061ac00000|100%| E|CS|TAMS 0x000000061a800000, 0x000000061a800000| Complete 
| 102|0x000000061ac00000, 0x000000061b000000, 0x000000061b000000|100%| E|CS|TAMS 0x000000061ac00000, 0x000000061ac00000| Complete 
| 103|0x000000061b000000, 0x000000061b400000, 0x000000061b400000|100%| E|CS|TAMS 0x000000061b000000, 0x000000061b000000| Complete 
| 104|0x000000061b400000, 0x000000061b800000, 0x000000061b800000|100%| E|CS|TAMS 0x000000061b400000, 0x000000061b400000| Complete 
| 105|0x000000061b800000, 0x000000061bc00000, 0x000000061bc00000|100%| E|CS|TAMS 0x000000061b800000, 0x000000061b800000| Complete 
| 106|0x000000061bc00000, 0x000000061c000000, 0x000000061c000000|100%| E|CS|TAMS 0x000000061bc00000, 0x000000061bc00000| Complete 
| 107|0x000000061c000000, 0x000000061c400000, 0x000000061c400000|100%| E|CS|TAMS 0x000000061c000000, 0x000000061c000000| Complete 
| 108|0x000000061c400000, 0x000000061c800000, 0x000000061c800000|100%| E|CS|TAMS 0x000000061c400000, 0x000000061c400000| Complete 
| 109|0x000000061c800000, 0x000000061cc00000, 0x000000061cc00000|100%| E|CS|TAMS 0x000000061c800000, 0x000000061c800000| Complete 
| 110|0x000000061cc00000, 0x000000061d000000, 0x000000061d000000|100%| E|CS|TAMS 0x000000061cc00000, 0x000000061cc00000| Complete 
| 111|0x000000061d000000, 0x000000061d400000, 0x000000061d400000|100%| E|CS|TAMS 0x000000061d000000, 0x000000061d000000| Complete 
| 112|0x000000061d400000, 0x000000061d800000, 0x000000061d800000|100%| E|CS|TAMS 0x000000061d400000, 0x000000061d400000| Complete 
| 113|0x000000061d800000, 0x000000061dc00000, 0x000000061dc00000|100%| E|CS|TAMS 0x000000061d800000, 0x000000061d800000| Complete 
| 114|0x000000061dc00000, 0x000000061e000000, 0x000000061e000000|100%| E|CS|TAMS 0x000000061dc00000, 0x000000061dc00000| Complete 
| 115|0x000000061e000000, 0x000000061e400000, 0x000000061e400000|100%| E|CS|TAMS 0x000000061e000000, 0x000000061e000000| Complete 
| 116|0x000000061e400000, 0x000000061e800000, 0x000000061e800000|100%| E|CS|TAMS 0x000000061e400000, 0x000000061e400000| Complete 
| 117|0x000000061e800000, 0x000000061e8a2a30, 0x000000061ec00000| 15%| S|CS|TAMS 0x000000061e800000, 0x000000061e800000| Complete 
| 118|0x000000061ec00000, 0x000000061f000000, 0x000000061f000000|100%| S|CS|TAMS 0x000000061ec00000, 0x000000061ec00000| Complete 
| 119|0x000000061f000000, 0x000000061f400000, 0x000000061f400000|100%| E|CS|TAMS 0x000000061f000000, 0x000000061f000000| Complete 
| 120|0x000000061f400000, 0x000000061f800000, 0x000000061f800000|100%| E|CS|TAMS 0x000000061f400000, 0x000000061f400000| Complete 
| 121|0x000000061f800000, 0x000000061fc00000, 0x000000061fc00000|100%| E|CS|TAMS 0x000000061f800000, 0x000000061f800000| Complete 
| 122|0x000000061fc00000, 0x0000000620000000, 0x0000000620000000|100%| E|CS|TAMS 0x000000061fc00000, 0x000000061fc00000| Complete 
| 123|0x0000000620000000, 0x0000000620400000, 0x0000000620400000|100%| E|CS|TAMS 0x0000000620000000, 0x0000000620000000| Complete 
| 124|0x0000000620400000, 0x0000000620800000, 0x0000000620800000|100%| E|CS|TAMS 0x0000000620400000, 0x0000000620400000| Complete 
| 125|0x0000000620800000, 0x0000000620c00000, 0x0000000620c00000|100%| E|CS|TAMS 0x0000000620800000, 0x0000000620800000| Complete 
| 126|0x0000000620c00000, 0x0000000621000000, 0x0000000621000000|100%| E|CS|TAMS 0x0000000620c00000, 0x0000000620c00000| Complete 
| 127|0x0000000621000000, 0x0000000621400000, 0x0000000621400000|100%| E|CS|TAMS 0x0000000621000000, 0x0000000621000000| Complete 

Card table byte_map: [0x00000133fd0d0000,0x00000133fe0d0000] _byte_map_base: 0x00000133fa0c6000

Marking Bits (Prev, Next): (CMBitMap*) 0x00000133e4ee0950, (CMBitMap*) 0x00000133e4ee0990
 Prev Bits: [0x0000013380000000, 0x0000013387fb0000)
 Next Bits: [0x0000013387fb0000, 0x000001338ff60000)

Polling page: 0x00000133e4600000

Metaspace:

Usage:
  Non-class:      3.70 MB used.
      Class:    200.27 KB used.
       Both:      3.90 MB used.

Virtual space:
  Non-class space:       64.00 MB reserved,       3.81 MB (  6%) committed,  1 nodes.
      Class space:        1.00 GB reserved,     256.00 KB ( <1%) committed,  1 nodes.
             Both:        1.06 GB reserved,       4.06 MB ( <1%) committed. 

Chunk freelists:
   Non-Class:  1.72 MB
       Class:  3.63 MB
        Both:  5.35 MB

MaxMetaspaceSize: unlimited
CompressedClassSpaceSize: 1.00 GB
Initial GC threshold: 21.00 MB
Current GC threshold: 21.00 MB
CDS: on
MetaspaceReclaimPolicy: balanced
 - commit_granule_bytes: 65536.
 - commit_granule_words: 8192.
 - virtual_space_node_default_size: 8388608.
 - enlarge_chunks_in_place: 1.
 - new_chunks_are_fully_committed: 0.
 - uncommit_free_chunks: 1.
 - use_allocation_guard: 0.


Internal statistics:

num_allocs_failed_limit: 0.
num_arena_births: 74.
num_arena_deaths: 0.
num_vsnodes_births: 2.
num_vsnodes_deaths: 0.
num_space_committed: 63.
num_space_uncommitted: 0.
num_chunks_returned_to_freelist: 0.
num_chunks_taken_from_freelist: 187.
num_chunk_merges: 0.
num_chunk_splits: 114.
num_chunks_enlarged: 79.
num_inconsistent_stats: 0.

CodeHeap 'non-profiled nmethods': size=120000Kb used=366Kb max_used=366Kb free=119633Kb
 bounds [0x00000133f4870000, 0x00000133f4ae0000, 0x00000133fbda0000]
CodeHeap 'profiled nmethods': size=120000Kb used=1363Kb max_used=1363Kb free=118636Kb
 bounds [0x00000133ecda0000, 0x00000133ed010000, 0x00000133f42d0000]
CodeHeap 'non-nmethods': size=5760Kb used=1654Kb max_used=1706Kb free=4106Kb
 bounds [0x00000133f42d0000, 0x00000133f4540000, 0x00000133f4870000]
 total_blobs=1827 nmethods=835 adapters=903
 compilation: enabled
              stopped_count=0, restarted_count=0
 full_count=0

Compilation events (20 events):
Event: 0.557 Thread 0x000001339600f640  826   !   3       java.util.zip.Inflater::needsInput (55 bytes)
Event: 0.557 Thread 0x000001339600f640 nmethod 826 0x00000133ecef0290 code [0x00000133ecef0440, 0x00000133ecef07f8]
Event: 0.557 Thread 0x000001339600f640  827       3       java.nio.channels.spi.AbstractInterruptibleChannel::isOpen (13 bytes)
Event: 0.557 Thread 0x000001339600f640 nmethod 827 0x00000133ecef0910 code [0x00000133ecef0aa0, 0x00000133ecef0c18]
Event: 0.557 Thread 0x000001339600f640  828       3       sun.nio.ch.Util::isBufferTooLarge (15 bytes)
Event: 0.557 Thread 0x000001339600f640 nmethod 828 0x00000133ecef0c90 code [0x00000133ecef0e20, 0x00000133ecef0f78]
Event: 0.557 Thread 0x000001339600f640  829       3       java.nio.MappedByteBuffer::limit (8 bytes)
Event: 0.558 Thread 0x000001339600f640 nmethod 829 0x00000133ecef1010 code [0x00000133ecef11c0, 0x00000133ecef1368]
Event: 0.558 Thread 0x000001339600f640  830   !   3       jdk.internal.ref.PhantomCleanable::remove (60 bytes)
Event: 0.558 Thread 0x000001339600f640 nmethod 830 0x00000133ecef1410 code [0x00000133ecef15e0, 0x00000133ecef1a18]
Event: 0.558 Thread 0x000001339600f640  831       3       java.io.FileSystem::hasBooleanAttributes (17 bytes)
Event: 0.558 Thread 0x000001339600f640 nmethod 831 0x00000133ecef1c10 code [0x00000133ecef1dc0, 0x00000133ecef1f68]
Event: 0.558 Thread 0x000001339600f640  832   !   3       java.io.WinNTFileSystem::getBooleanAttributes (27 bytes)
Event: 0.558 Thread 0x000001339600f640 nmethod 832 0x00000133ecef2010 code [0x00000133ecef21e0, 0x00000133ecef23f8]
Event: 0.559 Thread 0x000001339600f640  833       3       jdk.internal.jimage.ImageStringsReader::stringFromByteBufferMatches (138 bytes)
Event: 0.560 Thread 0x000001339600f640 nmethod 833 0x00000133ecef2510 code [0x00000133ecef27e0, 0x00000133ecef3948]
Event: 0.560 Thread 0x000001339600f640  835       3       jdk.internal.loader.URLClassPath$JarLoader::findResource (18 bytes)
Event: 0.560 Thread 0x000001339600f640 nmethod 835 0x00000133ecef4090 code [0x00000133ecef4260, 0x00000133ecef44d8]
Event: 0.560 Thread 0x000001339600f640  834       3       java.lang.String::endsWith (15 bytes)
Event: 0.560 Thread 0x000001339600f640 nmethod 834 0x00000133ecef4610 code [0x00000133ecef47e0, 0x00000133ecef4b28]

GC Heap History (4 events):
Event: 0.393 GC heap before
{Heap before GC invocations=0 (full 0):
 garbage-first heap   total 524288K, used 20480K [0x0000000601400000, 0x0000000800000000)
  region size 4096K, 6 young (24576K), 0 survivors (0K)
 Metaspace       used 3714K, committed 3904K, reserved 1114112K
  class space    used 193K, committed 256K, reserved 1048576K
}
Event: 0.395 GC heap after
{Heap after GC invocations=1 (full 0):
 garbage-first heap   total 524288K, used 3127K [0x0000000601400000, 0x0000000800000000)
  region size 4096K, 1 young (4096K), 1 survivors (4096K)
 Metaspace       used 3714K, committed 3904K, reserved 1114112K
  class space    used 193K, committed 256K, reserved 1048576K
}
Event: 0.429 GC heap before
{Heap before GC invocations=1 (full 0):
 garbage-first heap   total 524288K, used 31799K [0x0000000601400000, 0x0000000800000000)
  region size 4096K, 9 young (36864K), 1 survivors (4096K)
 Metaspace       used 3767K, committed 3904K, reserved 1114112K
  class space    used 194K, committed 256K, reserved 1048576K
}
Event: 0.431 GC heap after
{Heap after GC invocations=2 (full 0):
 garbage-first heap   total 524288K, used 4746K [0x0000000601400000, 0x0000000800000000)
  region size 4096K, 2 young (8192K), 2 survivors (8192K)
 Metaspace       used 3767K, committed 3904K, reserved 1114112K
  class space    used 194K, committed 256K, reserved 1048576K
}

Dll operation events (10 events):
Event: 0.008 Loaded shared library C:\Program Files\Java\jdk-19\bin\java.dll
Event: 0.014 Loaded shared library C:\Program Files\Java\jdk-19\bin\jsvml.dll
Event: 0.053 Loaded shared library C:\Program Files\Java\jdk-19\bin\net.dll
Event: 0.055 Loaded shared library C:\Program Files\Java\jdk-19\bin\nio.dll
Event: 0.058 Loaded shared library C:\Program Files\Java\jdk-19\bin\zip.dll
Event: 0.093 Loaded shared library C:\Program Files\Java\jdk-19\bin\jimage.dll
Event: 0.108 Loaded shared library C:\Users\U\AppData\Local\Temp\lwjglU\3.3.1-build-7\lwjgl.dll
Event: 0.293 Loaded shared library C:\Users\U\AppData\Local\Temp\lwjglU\3.3.1-build-7\lwjgl_opengl.dll
Event: 0.342 Loaded shared library C:\Program Files\Java\jdk-19\bin\verify.dll
Event: 0.559 Loaded shared library C:\Users\U\AppData\Local\Temp\lwjglU\3.3.1-build-7\lwjgl_stb.dll

Deoptimization events (20 events):
Event: 0.415 Thread 0x00000133e4e2c860 DEOPT PACKING pc=0x00000133f48ac4f4 sp=0x0000000ae53ff650
Event: 0.415 Thread 0x00000133e4e2c860 DEOPT UNPACKING pc=0x00000133f4336da3 sp=0x0000000ae53ff580 mode 2
Event: 0.415 Thread 0x00000133e4e2c860 Uncommon trap: trap_request=0xffffffde fr.pc=0x00000133f48ac4f4 relative=0x0000000000000054
Event: 0.415 Thread 0x00000133e4e2c860 Uncommon trap: reason=class_check action=maybe_recompile pc=0x00000133f48ac4f4 method=jdk.internal.math.FloatingDecimal.parseFloat(Ljava/lang/String;)F @ 4 c2
Event: 0.415 Thread 0x00000133e4e2c860 DEOPT PACKING pc=0x00000133f48ac4f4 sp=0x0000000ae53ff640
Event: 0.415 Thread 0x00000133e4e2c860 DEOPT UNPACKING pc=0x00000133f4336da3 sp=0x0000000ae53ff570 mode 2
Event: 0.415 Thread 0x00000133e4e2c860 Uncommon trap: trap_request=0xffffffde fr.pc=0x00000133f48ac4f4 relative=0x0000000000000054
Event: 0.415 Thread 0x00000133e4e2c860 Uncommon trap: reason=class_check action=maybe_recompile pc=0x00000133f48ac4f4 method=jdk.internal.math.FloatingDecimal.parseFloat(Ljava/lang/String;)F @ 4 c2
Event: 0.415 Thread 0x00000133e4e2c860 DEOPT PACKING pc=0x00000133f48ac4f4 sp=0x0000000ae53ff640
Event: 0.415 Thread 0x00000133e4e2c860 DEOPT UNPACKING pc=0x00000133f4336da3 sp=0x0000000ae53ff570 mode 2
Event: 0.418 Thread 0x00000133e4e2c860 DEOPT PACKING pc=0x00000133ecec7ed1 sp=0x0000000ae53fef50
Event: 0.418 Thread 0x00000133e4e2c860 DEOPT UNPACKING pc=0x00000133f4337543 sp=0x0000000ae53fe378 mode 0
Event: 0.536 Thread 0x00000133e4e2c860 Uncommon trap: trap_request=0xffffff45 fr.pc=0x00000133f48a4af8 relative=0x0000000000000778
Event: 0.536 Thread 0x00000133e4e2c860 Uncommon trap: reason=unstable_if action=reinterpret pc=0x00000133f48a4af8 method=java.io.BufferedReader.implReadLine(Z[Z)Ljava/lang/String; @ 55 c2
Event: 0.536 Thread 0x00000133e4e2c860 DEOPT PACKING pc=0x00000133f48a4af8 sp=0x0000000ae53ff430
Event: 0.536 Thread 0x00000133e4e2c860 DEOPT UNPACKING pc=0x00000133f4336da3 sp=0x0000000ae53ff3c8 mode 2
Event: 0.537 Thread 0x00000133e4e2c860 Uncommon trap: trap_request=0xffffff45 fr.pc=0x00000133f48be904 relative=0x0000000000000064
Event: 0.537 Thread 0x00000133e4e2c860 Uncommon trap: reason=unstable_if action=reinterpret pc=0x00000133f48be904 method=java.util.ArrayList$Itr.hasNext()Z @ 11 c2
Event: 0.537 Thread 0x00000133e4e2c860 DEOPT PACKING pc=0x00000133f48be904 sp=0x0000000ae53ff4f0
Event: 0.537 Thread 0x00000133e4e2c860 DEOPT UNPACKING pc=0x00000133f4336da3 sp=0x0000000ae53ff480 mode 2

Classes loaded (20 events):
Event: 0.357 Loading class java/io/FileNotFoundException
Event: 0.357 Loading class java/io/FileNotFoundException done
Event: 0.357 Loading class jdk/internal/math/FloatingDecimal
Event: 0.357 Loading class jdk/internal/math/FloatingDecimal done
Event: 0.357 Loading class jdk/internal/math/FloatingDecimal$ExceptionalBinaryToASCIIBuffer
Event: 0.357 Loading class jdk/internal/math/FloatingDecimal$BinaryToASCIIConverter
Event: 0.357 Loading class jdk/internal/math/FloatingDecimal$BinaryToASCIIConverter done
Event: 0.357 Loading class jdk/internal/math/FloatingDecimal$ExceptionalBinaryToASCIIBuffer done
Event: 0.357 Loading class jdk/internal/math/FloatingDecimal$BinaryToASCIIBuffer
Event: 0.357 Loading class jdk/internal/math/FloatingDecimal$BinaryToASCIIBuffer done
Event: 0.357 Loading class jdk/internal/math/FloatingDecimal$1
Event: 0.357 Loading class jdk/internal/math/FloatingDecimal$1 done
Event: 0.357 Loading class jdk/internal/math/FloatingDecimal$PreparedASCIIToBinaryBuffer
Event: 0.357 Loading class jdk/internal/math/FloatingDecimal$ASCIIToBinaryConverter
Event: 0.357 Loading class jdk/internal/math/FloatingDecimal$ASCIIToBinaryConverter done
Event: 0.357 Loading class jdk/internal/math/FloatingDecimal$PreparedASCIIToBinaryBuffer done
Event: 0.357 Loading class jdk/internal/math/FloatingDecimal$ASCIIToBinaryBuffer
Event: 0.357 Loading class jdk/internal/math/FloatingDecimal$ASCIIToBinaryBuffer done
Event: 0.395 Loading class java/util/concurrent/locks/AbstractQueuedSynchronizer$ExclusiveNode
Event: 0.395 Loading class java/util/concurrent/locks/AbstractQueuedSynchronizer$ExclusiveNode done

Classes unloaded (0 events):
No events

Classes redefined (0 events):
No events

Internal exceptions (20 events):
Event: 0.107 Thread 0x00000133e4e2c860 Exception <a 'sun/nio/fs/WindowsException'{0x0000000620c72ce0}> (0x0000000620c72ce0) 
thrown [s\open\src\hotspot\share\prims\jni.cpp, line 517]
Event: 0.128 Thread 0x00000133e4e2c860 Exception <a 'java/lang/NoSuchMethodError'{0x0000000620d81680}: 'int java.lang.invoke.DirectMethodHandle$Holder.invokeStaticInit(java.lang.Object, java.lang.Object, int, long)'> (0x0000000620d81680) 
thrown [s\open\src\hotspot\share\interpreter\linkResolver.cpp, line 774]
Event: 0.128 Thread 0x00000133e4e2c860 Exception <a 'java/lang/NoSuchMethodError'{0x0000000620d86f50}: 'java.lang.Object java.lang.invoke.DirectMethodHandle$Holder.newInvokeSpecial(java.lang.Object, java.lang.Object, int)'> (0x0000000620d86f50) 
thrown [s\open\src\hotspot\share\interpreter\linkResolver.cpp, line 774]
Event: 0.129 Thread 0x00000133e4e2c860 Exception <a 'java/lang/NoSuchMethodError'{0x0000000620d95430}: 'int java.lang.invoke.DirectMethodHandle$Holder.invokeStaticInit(java.lang.Object, java.lang.Object, long, long)'> (0x0000000620d95430) 
thrown [s\open\src\hotspot\share\interpreter\linkResolver.cpp, line 774]
Event: 0.130 Thread 0x00000133e4e2c860 Exception <a 'java/lang/NoSuchMethodError'{0x0000000620d9b580}: 'java.lang.Object java.lang.invoke.DirectMethodHandle$Holder.newInvokeSpecial(java.lang.Object, java.lang.Object, long)'> (0x0000000620d9b580) 
thrown [s\open\src\hotspot\share\interpreter\linkResolver.cpp, line 774]
Event: 0.130 Thread 0x00000133e4e2c860 Exception <a 'java/lang/NoSuchMethodError'{0x0000000620d9f5e0}: 'java.lang.Object java.lang.invoke.Invokers$Holder.linkToTargetMethod(java.lang.Object, long, java.lang.Object)'> (0x0000000620d9f5e0) 
thrown [s\open\src\hotspot\share\interpreter\linkResolver.cpp, line 774]
Event: 0.131 Thread 0x00000133e4e2c860 Exception <a 'java/lang/NoSuchMethodError'{0x0000000620da6b68}: 'int java.lang.invoke.DirectMethodHandle$Holder.invokeStaticInit(java.lang.Object, java.lang.Object, java.lang.Object, long)'> (0x0000000620da6b68) 
thrown [s\open\src\hotspot\share\interpreter\linkResolver.cpp, line 774]
Event: 0.141 Thread 0x00000133e4e2c860 Exception <a 'sun/nio/fs/WindowsException'{0x0000000620e418c0}> (0x0000000620e418c0) 
thrown [s\open\src\hotspot\share\prims\jni.cpp, line 517]
Event: 0.141 Thread 0x00000133e4e2c860 Exception <a 'sun/nio/fs/WindowsException'{0x0000000620e41bf0}> (0x0000000620e41bf0) 
thrown [s\open\src\hotspot\share\prims\jni.cpp, line 517]
Event: 0.144 Thread 0x00000133e4e2c860 Exception <a 'java/lang/NoSuchMethodError'{0x0000000620e54170}: 'int java.lang.invoke.Invokers$Holder.invokeExact_MT(java.lang.Object, java.lang.Object)'> (0x0000000620e54170) 
thrown [s\open\src\hotspot\share\interpreter\linkResolver.cpp, line 774]
Event: 0.289 Thread 0x00000133e4e2c860 Exception <a 'java/lang/NoSuchMethodError'{0x0000000620ecccb0}: 'void java.lang.System.load(java.lang.String, java.lang.Class)'> (0x0000000620ecccb0) 
thrown [s\open\src\hotspot\share\interpreter\linkResolver.cpp, line 774]
Event: 0.290 Thread 0x00000133e4e2c860 Exception <a 'java/lang/NoSuchMethodError'{0x0000000620ecfab8}: 'void java.lang.System.loadLibrary(java.lang.String, java.lang.Class)'> (0x0000000620ecfab8) 
thrown [s\open\src\hotspot\share\interpreter\linkResolver.cpp, line 774]
Event: 0.292 Thread 0x00000133e4e2c860 Exception <a 'sun/nio/fs/WindowsException'{0x0000000620ee0108}> (0x0000000620ee0108) 
thrown [s\open\src\hotspot\share\prims\jni.cpp, line 517]
Event: 0.292 Thread 0x00000133e4e2c860 Exception <a 'sun/nio/fs/WindowsException'{0x0000000620ee0480}> (0x0000000620ee0480) 
thrown [s\open\src\hotspot\share\prims\jni.cpp, line 517]
Event: 0.295 Thread 0x00000133e4e2c860 Exception <a 'sun/nio/fs/WindowsException'{0x0000000620ee9c98}> (0x0000000620ee9c98) 
thrown [s\open\src\hotspot\share\prims\jni.cpp, line 517]
Event: 0.295 Thread 0x00000133e4e2c860 Exception <a 'sun/nio/fs/WindowsException'{0x0000000620ee9f48}> (0x0000000620ee9f48) 
thrown [s\open\src\hotspot\share\prims\jni.cpp, line 517]
Event: 0.553 Thread 0x00000133e4e2c860 Exception <a 'java/lang/NoSuchMethodError'{0x0000000618bed1b8}: 'void java.lang.System.load(java.lang.String, java.lang.Class)'> (0x0000000618bed1b8) 
thrown [s\open\src\hotspot\share\interpreter\linkResolver.cpp, line 774]
Event: 0.554 Thread 0x00000133e4e2c860 Exception <a 'java/lang/NoSuchMethodError'{0x0000000618bf0020}: 'void java.lang.System.loadLibrary(java.lang.String, java.lang.Class)'> (0x0000000618bf0020) 
thrown [s\open\src\hotspot\share\interpreter\linkResolver.cpp, line 774]
Event: 0.558 Thread 0x00000133e4e2c860 Exception <a 'sun/nio/fs/WindowsException'{0x0000000618402a40}> (0x0000000618402a40) 
thrown [s\open\src\hotspot\share\prims\jni.cpp, line 517]
Event: 0.558 Thread 0x00000133e4e2c860 Exception <a 'sun/nio/fs/WindowsException'{0x0000000618402d90}> (0x0000000618402d90) 
thrown [s\open\src\hotspot\share\prims\jni.cpp, line 517]

VM Operations (10 events):
Event: 0.058 Executing VM operation: HandshakeAllThreads
Event: 0.058 Executing VM operation: HandshakeAllThreads done
Event: 0.393 Executing VM operation: G1CollectForAllocation
Event: 0.395 Executing VM operation: G1CollectForAllocation done
Event: 0.395 Executing VM operation: HandshakeAllThreads
Event: 0.395 Executing VM operation: HandshakeAllThreads done
Event: 0.415 Executing VM operation: HandshakeAllThreads
Event: 0.415 Executing VM operation: HandshakeAllThreads done
Event: 0.429 Executing VM operation: G1CollectForAllocation
Event: 0.431 Executing VM operation: G1CollectForAllocation done

Events (14 events):
Event: 0.014 Thread 0x00000133e4e2c860 Thread added: 0x00000133e4e2c860
Event: 0.028 Thread 0x00000133ff3cdc80 Thread added: 0x00000133ff3cdc80
Event: 0.028 Thread 0x00000133ff3d0d40 Thread added: 0x00000133ff3d0d40
Event: 0.028 Thread 0x00000133ff3d52e0 Thread added: 0x00000133ff3d52e0
Event: 0.028 Thread 0x00000133ff3d5c10 Thread added: 0x00000133ff3d5c10
Event: 0.028 Thread 0x00000133ff3de690 Thread added: 0x00000133ff3de690
Event: 0.028 Thread 0x0000013396003ad0 Thread added: 0x0000013396003ad0
Event: 0.028 Thread 0x0000013396007890 Thread added: 0x0000013396007890
Event: 0.029 Thread 0x000001339600f640 Thread added: 0x000001339600f640
Event: 0.029 Thread 0x0000013396020770 Thread added: 0x0000013396020770
Event: 0.048 Thread 0x000001339614f440 Thread added: 0x000001339614f440
Event: 0.049 Thread 0x0000013396154200 Thread added: 0x0000013396154200
Event: 0.364 Thread 0x000001339c89c230 Thread added: 0x000001339c89c230
Event: 0.366 Thread 0x000001339c9fd9e0 Thread added: 0x000001339c9fd9e0


Dynamic libraries:
0x00007ff71aa90000 - 0x00007ff71aaa0000 	C:\Program Files\Java\jdk-19\bin\javaw.exe
0x00007ffd3b110000 - 0x00007ffd3b308000 	C:\Windows\SYSTEM32\ntdll.dll
0x00007ffd399e0000 - 0x00007ffd39a9f000 	C:\Windows\System32\KERNEL32.DLL
0x00007ffd389a0000 - 0x00007ffd38c72000 	C:\Windows\System32\KERNELBASE.dll
0x00007ffd38e30000 - 0x00007ffd38f30000 	C:\Windows\System32\ucrtbase.dll
0x00007ffd2abc0000 - 0x00007ffd2abdb000 	C:\Program Files\Java\jdk-19\bin\VCRUNTIME140.dll
0x00007ffd2d6a0000 - 0x00007ffd2d6b8000 	C:\Program Files\Java\jdk-19\bin\jli.dll
0x00007ffd39520000 - 0x00007ffd395ce000 	C:\Windows\System32\ADVAPI32.dll
0x00007ffd39470000 - 0x00007ffd3950e000 	C:\Windows\System32\msvcrt.dll
0x00007ffd3a2e0000 - 0x00007ffd3a37c000 	C:\Windows\System32\sechost.dll
0x00007ffd397d0000 - 0x00007ffd398f4000 	C:\Windows\System32\RPCRT4.dll
0x00007ffd3ae40000 - 0x00007ffd3afe1000 	C:\Windows\System32\USER32.dll
0x00007ffd38d70000 - 0x00007ffd38d92000 	C:\Windows\System32\win32u.dll
0x00007ffd3b0a0000 - 0x00007ffd3b0cb000 	C:\Windows\System32\GDI32.dll
0x00007ffd39050000 - 0x00007ffd3915f000 	C:\Windows\System32\gdi32full.dll
0x00007ffd25400000 - 0x00007ffd2569a000 	C:\Windows\WinSxS\amd64_microsoft.windows.common-controls_6595b64144ccf1df_6.0.19041.1110_none_60b5254171f9507e\COMCTL32.dll
0x00007ffd38c80000 - 0x00007ffd38d1d000 	C:\Windows\System32\msvcp_win.dll
0x00007ffd32de0000 - 0x00007ffd32dea000 	C:\Windows\SYSTEM32\VERSION.dll
0x00007ffd3ae10000 - 0x00007ffd3ae40000 	C:\Windows\System32\IMM32.DLL
0x00007ffd2ffe0000 - 0x00007ffd2ffec000 	C:\Program Files\Java\jdk-19\bin\vcruntime140_1.dll
0x00007ffceab20000 - 0x00007ffceabae000 	C:\Program Files\Java\jdk-19\bin\msvcp140.dll
0x00007ffce9850000 - 0x00007ffcea510000 	C:\Program Files\Java\jdk-19\bin\server\jvm.dll
0x00007ffd2f3e0000 - 0x00007ffd2f407000 	C:\Windows\SYSTEM32\WINMM.dll
0x00007ffd2fd20000 - 0x00007ffd2fd29000 	C:\Windows\SYSTEM32\WSOCK32.dll
0x00007ffd39630000 - 0x00007ffd3969b000 	C:\Windows\System32\WS2_32.dll
0x00007ffd366f0000 - 0x00007ffd36702000 	C:\Windows\SYSTEM32\kernel.appcore.dll
0x00007ffd2fbb0000 - 0x00007ffd2fbba000 	C:\Program Files\Java\jdk-19\bin\jimage.dll
0x00007ffd25760000 - 0x00007ffd25944000 	C:\Windows\SYSTEM32\DBGHELP.DLL
0x00007ffd1fd30000 - 0x00007ffd1fd65000 	C:\Windows\SYSTEM32\dbgcore.DLL
0x00007ffd38da0000 - 0x00007ffd38e22000 	C:\Windows\System32\bcryptPrimitives.dll
0x00007ffd1bc80000 - 0x00007ffd1bca6000 	C:\Program Files\Java\jdk-19\bin\java.dll
0x00007ffceaa40000 - 0x00007ffceab17000 	C:\Program Files\Java\jdk-19\bin\jsvml.dll
0x00007ffd3a510000 - 0x00007ffd3ac55000 	C:\Windows\System32\SHELL32.dll
0x00007ffd368f0000 - 0x00007ffd37082000 	C:\Windows\SYSTEM32\windows.storage.dll
0x00007ffd39b10000 - 0x00007ffd39e65000 	C:\Windows\System32\combase.dll
0x00007ffd38270000 - 0x00007ffd382a0000 	C:\Windows\SYSTEM32\Wldp.dll
0x00007ffd39160000 - 0x00007ffd3920d000 	C:\Windows\System32\SHCORE.dll
0x00007ffd39770000 - 0x00007ffd397c5000 	C:\Windows\System32\shlwapi.dll
0x00007ffd38750000 - 0x00007ffd3876f000 	C:\Windows\SYSTEM32\profapi.dll
0x00007ffd1bc60000 - 0x00007ffd1bc73000 	C:\Program Files\Java\jdk-19\bin\net.dll
0x00007ffd318c0000 - 0x00007ffd319ca000 	C:\Windows\SYSTEM32\WINHTTP.dll
0x00007ffd37fd0000 - 0x00007ffd3803a000 	C:\Windows\system32\mswsock.dll
0x00007ffd19610000 - 0x00007ffd19626000 	C:\Program Files\Java\jdk-19\bin\nio.dll
0x00007ffd17dd0000 - 0x00007ffd17de8000 	C:\Program Files\Java\jdk-19\bin\zip.dll
0x00007ffcfb440000 - 0x00007ffcfb4b5000 	C:\Users\U\AppData\Local\Temp\lwjglU\3.3.1-build-7\lwjgl.dll
0x00007ffd11560000 - 0x00007ffd115c1000 	C:\Users\U\AppData\Local\Temp\lwjglU\3.3.1-build-7\glfw.dll
0x00007ffcfdb10000 - 0x00007ffcfdb55000 	C:\Windows\SYSTEM32\dinput8.dll
0x00007ffd2f070000 - 0x00007ffd2f081000 	C:\Windows\SYSTEM32\xinput1_4.dll
0x00007ffd38d20000 - 0x00007ffd38d6e000 	C:\Windows\System32\cfgmgr32.dll
0x00007ffd385c0000 - 0x00007ffd385ec000 	C:\Windows\SYSTEM32\DEVOBJ.dll
0x00007ffd36400000 - 0x00007ffd3642f000 	C:\Windows\SYSTEM32\dwmapi.dll
0x00007ffd2c310000 - 0x00007ffd2c462000 	C:\Windows\SYSTEM32\inputhost.dll
0x00007ffd396a0000 - 0x00007ffd3976d000 	C:\Windows\System32\OLEAUT32.dll
0x00007ffd353e0000 - 0x00007ffd35534000 	C:\Windows\SYSTEM32\wintypes.dll
0x00007ffd35e10000 - 0x00007ffd35f02000 	C:\Windows\SYSTEM32\CoreMessaging.dll
0x00007ffd34030000 - 0x00007ffd34126000 	C:\Windows\SYSTEM32\PROPSYS.dll
0x00007ffd35ab0000 - 0x00007ffd35e0e000 	C:\Windows\SYSTEM32\CoreUIComponents.dll
0x00007ffd379a0000 - 0x00007ffd379d3000 	C:\Windows\SYSTEM32\ntmarta.dll
0x00007ffd36180000 - 0x00007ffd3621e000 	C:\Windows\system32\uxtheme.dll
0x00007ffd39220000 - 0x00007ffd39334000 	C:\Windows\System32\MSCTF.dll
0x00007ffcfb310000 - 0x00007ffcfb435000 	C:\Windows\SYSTEM32\opengl32.dll
0x00007ffd2ebb0000 - 0x00007ffd2ebdc000 	C:\Windows\SYSTEM32\GLU32.dll
0x00007ffd3aff0000 - 0x00007ffd3b099000 	C:\Windows\System32\clbcatq.dll
0x00007ffcd9df0000 - 0x00007ffcdd71d000 	C:\Windows\System32\DriverStore\FileRepository\nv_dispig.inf_amd64_ade64cd54ec2f9ed\nvoglv64.dll
0x00007ffd39e70000 - 0x00007ffd3a2d8000 	C:\Windows\System32\SETUPAPI.dll
0x00007ffd38810000 - 0x00007ffd38837000 	C:\Windows\System32\bcrypt.dll
0x00007ffd39340000 - 0x00007ffd3946a000 	C:\Windows\System32\ole32.dll
0x00007ffd342b0000 - 0x00007ffd342c4000 	C:\Windows\SYSTEM32\WTSAPI32.dll
0x00007ffd38400000 - 0x00007ffd38412000 	C:\Windows\SYSTEM32\msasn1.dll
0x00007ffd32300000 - 0x00007ffd32331000 	C:\Windows\SYSTEM32\cryptnet.dll
0x00007ffd38840000 - 0x00007ffd38996000 	C:\Windows\System32\CRYPT32.dll
0x00007ffd32020000 - 0x00007ffd32168000 	C:\Windows\SYSTEM32\drvstore.dll
0x00007ffd381c0000 - 0x00007ffd381cc000 	C:\Windows\SYSTEM32\cryptbase.dll
0x00007ffd38fe0000 - 0x00007ffd39049000 	C:\Windows\System32\WINTRUST.dll
0x00007ffd30260000 - 0x00007ffd3029b000 	C:\Windows\SYSTEM32\dxcore.dll
0x00007ffd37d90000 - 0x00007ffd37ddb000 	C:\Windows\SYSTEM32\powrprof.dll
0x00007ffd37c50000 - 0x00007ffd37c62000 	C:\Windows\SYSTEM32\UMPDC.dll
0x00007ffd37510000 - 0x00007ffd37574000 	C:\Windows\SYSTEM32\WINSTA.dll
0x00007ffd2e650000 - 0x00007ffd2e749000 	C:\Windows\SYSTEM32\textinputframework.dll
0x00007ffd22340000 - 0x00007ffd22411000 	C:\Windows\System32\IME\IMEKR\imkrtip.dll
0x00007ffd221f0000 - 0x00007ffd22332000 	C:\Windows\System32\IME\shared\imetip.dll
0x00007ffd2e910000 - 0x00007ffd2e976000 	C:\Windows\SYSTEM32\OLEACC.dll
0x00007ffd238b0000 - 0x00007ffd23a5e000 	C:\Windows\SYSTEM32\DUI70.dll
0x00007ffd23860000 - 0x00007ffd238a1000 	C:\Windows\System32\IME\IMEKR\imkrapi.dll
0x00007ffd33360000 - 0x00007ffd33403000 	C:\Windows\SYSTEM32\policymanager.dll
0x00007ffd37910000 - 0x00007ffd3799a000 	C:\Windows\SYSTEM32\msvcp110_win.dll
0x00007ffd2d660000 - 0x00007ffd2d69e000 	C:\Windows\System32\IME\shared\imjkapi.dll
0x00007ffcfd520000 - 0x00007ffcfd57d000 	C:\Users\U\AppData\Local\Temp\lwjglU\3.3.1-build-7\lwjgl_opengl.dll
0x00007ffd2eb90000 - 0x00007ffd2eba0000 	C:\Program Files\Java\jdk-19\bin\verify.dll
0x00007ffcfb280000 - 0x00007ffcfb301000 	C:\Users\U\AppData\Local\Temp\lwjglU\3.3.1-build-7\lwjgl_stb.dll

dbghelp: loaded successfully - version: 4.0.5 - missing functions: none
symbol engine: initialized successfully - sym options: 0x614 - pdb path: .;C:\Program Files\Java\jdk-19\bin;C:\Windows\SYSTEM32;C:\Windows\WinSxS\amd64_microsoft.windows.common-controls_6595b64144ccf1df_6.0.19041.1110_none_60b5254171f9507e;C:\Program Files\Java\jdk-19\bin\server;C:\Users\U\AppData\Local\Temp\lwjglU\3.3.1-build-7;C:\Windows\System32\DriverStore\FileRepository\nv_dispig.inf_amd64_ade64cd54ec2f9ed;C:\Windows\System32\IME\IMEKR;C:\Windows\System32\IME\shared

VM Arguments:
jvm_args: -Dfile.encoding=UTF-8 -XX:+ShowCodeDetailsInExceptionMessages 
java_command: Main
java_class_path (initial): D:\work_space\GLGame\bin;D:\libraries\lwjgl\lwjgl.jar;D:\libraries\lwjgl\lwjgl-javadoc.jar;D:\libraries\lwjgl\lwjgl-natives-linux.jar;D:\libraries\lwjgl\lwjgl-natives-linux-arm32.jar;D:\libraries\lwjgl\lwjgl-natives-linux-arm64.jar;D:\libraries\lwjgl\lwjgl-natives-macos.jar;D:\libraries\lwjgl\lwjgl-natives-macos-arm64.jar;D:\libraries\lwjgl\lwjgl-natives-windows.jar;D:\libraries\lwjgl\lwjgl-natives-windows-arm64.jar;D:\libraries\lwjgl\lwjgl-natives-windows-x86.jar;D:\libraries\lwjgl\lwjgl-sources.jar;D:\libraries\lwjgl-glfw\lwjgl-glfw.jar;D:\libraries\lwjgl-glfw\lwjgl-glfw-javadoc.jar;D:\libraries\lwjgl-glfw\lwjgl-glfw-natives-linux.jar;D:\libraries\lwjgl-glfw\lwjgl-glfw-natives-linux-arm32.jar;D:\libraries\lwjgl-glfw\lwjgl-glfw-natives-linux-arm64.jar;D:\libraries\lwjgl-glfw\lwjgl-glfw-natives-macos.jar;D:\libraries\lwjgl-glfw\lwjgl-glfw-natives-macos-arm64.jar;D:\libraries\lwjgl-glfw\lwjgl-glfw-natives-windows.jar;D:\libraries\lwjgl-glfw\lwjgl-glfw-natives-windows-arm64.jar;D:\libraries\lwjgl-glfw\lwjgl-glfw-natives-windows-x86.jar;D:\libraries\lwjgl-glfw\lwjgl-glfw-sources.jar;D:\libraries\lwjgl-opengl\lwjgl-opengl.jar;D:\libraries\lwjgl-opengl\lwjgl-opengl-javadoc.jar;D:\libraries\lwjgl-opengl\lwjgl-opengl-natives-linux.jar;D:\libraries\lwjgl-opengl\lwjgl-opengl-natives-linux-arm32.jar;D:\libraries\lwjgl-opengl\lwjgl-opengl-natives-linux-arm64.jar;D:\libraries\lwjgl-opengl\lwjgl-opengl-natives-macos.jar;D:\libraries\lwjgl-opengl\lwjgl-opengl-natives-macos-arm64.jar;D:\libraries\lwjgl-opengl\lwjgl-opengl-natives-windows.jar;D:\libraries\lwjgl-opengl\lwjgl-opengl-natives-windows-arm64.jar;D:\libraries\lwjgl-opengl\lwjgl-opengl-natives-windows-x86.jar;D:\libraries\lwjgl-opengl\lwjgl-opengl-sources.jar;D:\libraries\slick\ibxm.jar;D:\libraries\slick\jinput.jar;D:\libraries\slick\jnlp.jar;D:\libraries\slick\jogg-0.0.7.jar;D:\libraries\slick\jorbis-0.0.15.jar;D:\libraries\slick\lwjgl.jar;D:\libraries\slick\lwjgl_util.jar;D:\libraries\slick\lwjgl_util_applet.jar;D:\libraries\slick\natives-linux.jar;D:\libraries\slick\natives-mac.jar;D:\libraries\slick\natives-windows.jar;D:\libraries\slick\slick.jar;D:\libraries\slick\slick2d-core-1.0.1.jar;D:\libraries\slick\slick-examples.jar;D:\libraries\slick\tinylinepp.jar;D:\libraries\lwjgl-stb\lwjgl-stb.jar;D:\libraries\lwjgl-stb\lwjgl-stb-javadoc.jar;D:\libraries\lwjgl-stb\lwjgl-stb-natives-linux.jar;D:\libraries\lwjgl-stb\lwjgl-stb-natives-linux-arm32.jar;D:\libraries\lwjgl-stb\lwjgl-stb-natives-linux-arm64.jar;D:\libraries\lwjgl-stb\lwjgl-stb-natives-macos.jar;D:\libraries\lwjgl-stb\lwjgl-stb-natives-macos-arm64.jar;D:\libraries\lwjgl-stb\lwjgl-stb-natives-windows.jar;D:\libraries\lwjgl-stb\lwjgl-stb-natives-windows-arm64.jar;D:\libraries\lwjgl-stb\lwjgl-stb-natives-windows-x86.jar;D:\libraries\lwjgl-stb\lwjgl-stb-sources.jar
Launcher Type: SUN_STANDARD

[Global flags]
     intx CICompilerCount                          = 4                                         {product} {ergonomic}
     uint ConcGCThreads                            = 2                                         {product} {ergonomic}
     uint G1ConcRefinementThreads                  = 8                                         {product} {ergonomic}
   size_t G1HeapRegionSize                         = 4194304                                   {product} {ergonomic}
    uintx GCDrainStackTargetSize                   = 64                                        {product} {ergonomic}
   size_t InitialHeapSize                          = 536870912                                 {product} {ergonomic}
   size_t MarkStackSize                            = 4194304                                   {product} {ergonomic}
   size_t MaxHeapSize                              = 8568963072                                {product} {ergonomic}
   size_t MaxNewSize                               = 5138022400                                {product} {ergonomic}
   size_t MinHeapDeltaBytes                        = 4194304                                   {product} {ergonomic}
   size_t MinHeapSize                              = 8388608                                   {product} {ergonomic}
    uintx NonNMethodCodeHeapSize                   = 5839372                                {pd product} {ergonomic}
    uintx NonProfiledCodeHeapSize                  = 122909434                              {pd product} {ergonomic}
    uintx ProfiledCodeHeapSize                     = 122909434                              {pd product} {ergonomic}
    uintx ReservedCodeCacheSize                    = 251658240                              {pd product} {ergonomic}
     bool SegmentedCodeCache                       = true                                      {product} {ergonomic}
     bool ShowCodeDetailsInExceptionMessages       = true                                   {manageable} {command line}
   size_t SoftMaxHeapSize                          = 8568963072                             {manageable} {ergonomic}
     bool UseCompressedClassPointers               = true                           {product lp64_product} {ergonomic}
     bool UseCompressedOops                        = true                           {product lp64_product} {ergonomic}
     bool UseG1GC                                  = true                                      {product} {ergonomic}
     bool UseLargePagesIndividualAllocation        = false                                  {pd product} {ergonomic}

Logging:
Log output configuration:
 #0: stdout all=warning uptime,level,tags foldmultilines=false
 #1: stderr all=off uptime,level,tags foldmultilines=false

Environment Variables:
PATH=C:\Program Files (x86)\Common Files\Intel\Shared Libraries\redist\intel64\compiler;C:\Program Files\Common Files\Oracle\Java\javapath;C:\Windows\system32;C:\Windows;C:\Windows\System32\Wbem;C:\Windows\System32\WindowsPowerShell\v1.0\;C:\Windows\System32\OpenSSH\;C:\Program Files (x86)\NVIDIA Corporation\PhysX\Common;C:\Program Files\Bandizip\;C:\Program Files\Microsoft SQL Server\150\Tools\Binn\;C:\Program Files\Microsoft SQL Server\Client SDK\ODBC\170\Tools\Binn\;C:\Program Files\dotnet\;C:\Program Files\Git\cmd;C:\Program Files\nodejs\;C:\flutter\bin;C:\Users\U\AppData\Local\Microsoft\WindowsApps;C:\Users\U\.dotnet\tools;C:\Users\U\AppData\Local\Programs\Microsoft VS Code\bin;C:\Users\U\AppData\Roaming\npm;D:\apache-maven-3.9.0\bin;D:\gradle-8.0.2\bin;
USERNAME=U
OS=Windows_NT
PROCESSOR_IDENTIFIER=Intel64 Family 6 Model 158 Stepping 13, GenuineIntel
TMP=C:\Users\U\AppData\Local\Temp
TEMP=C:\Users\U\AppData\Local\Temp



---------------  S Y S T E M  ---------------

OS:
 Windows 10 , 64 bit Build 19041 (10.0.19041.2546)
OS uptime: 1 days 0:03 hours

CPU: total 8 (initial active 8) (8 cores per cpu, 1 threads per core) family 6 model 158 stepping 13 microcode 0xb8, cx8, cmov, fxsr, mmx, 3dnowpref, sse, sse2, sse3, ssse3, sse4.1, sse4.2, popcnt, lzcnt, tsc, tscinvbit, avx, avx2, aes, erms, clmul, bmi1, bmi2, rtm, adx, fma, vzeroupper, clflush, clflushopt, rdtscp

Memory: 4k page, system-wide physical 32678M (24913M free)
TotalPageFile size 37542M (AvailPageFile size 27830M)
current process WorkingSet (physical memory assigned to process): 244M, peak: 248M
current process commit charge ("private bytes"): 697M, peak: 699M

vm_info: Java HotSpot(TM) 64-Bit Server VM (19.0.1+10-21) for windows-amd64 JRE (19.0.1+10-21), built on 2022-09-14T12:45:06Z by "mach5one" with MS VC++ 17.1 (VS2022)

END.
